<?xml version="1.0" encoding="UTF-8"?>
<!-- Generated by org.testng.reporters.JUnitXMLReporter -->
<testsuite ignored="0" hostname="Gilberts-MacBook-Pro.local" failures="1" tests="1" name="Surefire test" time="0.029" errors="0" timestamp="2020-08-16T14:32:50 PDT">
  <testcase classname="Websites.PageObectModelFrameWork.Base" name="@BeforeClass browser" time="-1.597613570407E9">
    <failure type="org.testng.TestNGException" message="
Parameter &amp;apos;browser&amp;apos; is required by BeforeClass on method browser but has not been marked @Optional or defined
">
      <![CDATA[org.testng.TestNGException: 
Parameter 'browser' is required by BeforeClass on method browser but has not been marked @Optional or defined

at java.base/java.util.ArrayList.forEach(ArrayList.java:1510)
... Removed 27 stack frames]]>
    </failure>
  </testcase> <!-- @BeforeClass browser -->
  <testcase classname="Websites.PageObectModelFrameWork.Base" name="@AfterClass tearDown" time="-1.597613570423E9">
    <skipped/>
  </testcase> <!-- @AfterClass tearDown -->
  <testcase classname="runner.HomeDepotTest" name="CreateTheAccount" time="0.0">
    <failure type="org.testng.TestNGException" message="
Parameter &amp;apos;email&amp;apos; is required by @Test on method CreateTheAccount but has not been marked @Optional or defined
">
      <![CDATA[org.testng.TestNGException: 
Parameter 'email' is required by @Test on method CreateTheAccount but has not been marked @Optional or defined

at java.base/java.util.ArrayList.forEach(ArrayList.java:1510)
... Removed 31 stack frames]]>
    </failure>
  </testcase> <!-- CreateTheAccount -->
</testsuite> <!-- Surefire test -->
