<?xml version="1.0" encoding="UTF-8"?>
<!-- Generated by org.testng.reporters.JUnitXMLReporter -->
<testsuite hostname="Gilberts-MacBook-Pro.local" ignored="0" name="Test0001" tests="2" failures="0" timestamp="2020-07-19T10:12:04 PDT" time="0.043" errors="0">
  <testcase name="@BeforeClass browser" time="-1.595178724711E9" classname="Websites.PageObectModelFrameWork.Base">
    <failure type="org.testng.TestNGException" message="
Parameter &amp;apos;browser&amp;apos; is required by BeforeClass on method browser but has not been marked @Optional or defined
in /Users/mac/eclipse-workspace/PageObectModelFrameWork/testng.xml">
      <![CDATA[org.testng.TestNGException: 
Parameter 'browser' is required by BeforeClass on method browser but has not been marked @Optional or defined
in /Users/mac/eclipse-workspace/PageObectModelFrameWork/testng.xml
at java.util.ArrayList.forEach(ArrayList.java:1259)
... Removed 22 stack frames]]>
    </failure>
  </testcase> <!-- @BeforeClass browser -->
  <testcase name="@AfterClass afterClass" time="-1.595178724739E9" classname="Websites.PageObectModelFrameWork.Base">
    <skipped/>
  </testcase> <!-- @AfterClass afterClass -->
  <testcase name="Verification" time="0.0" classname="runner.HomeDepotTest">
    <skipped/>
  </testcase> <!-- Verification -->
  <testcase name="CreateTheAccount" time="0.0" classname="runner.HomeDepotTest">
    <skipped/>
  </testcase> <!-- CreateTheAccount -->
</testsuite> <!-- Test0001 -->
